

============================== 2023-11-04 14:56:48.018545 | 9b6f342f-9e58-40c0-af53-f140c1a5b264 ==============================
[0m14:56:48.018545 [info ] [MainThread]: Running with dbt=1.4.9
[0m14:56:48.019570 [debug] [MainThread]: running dbt with arguments {'write_json': True, 'use_colors': True, 'printer_width': 80, 'version_check': True, 'partial_parse': True, 'static_parser': True, 'profiles_dir': 'C:\\Users\\Mosman\\.dbt', 'send_anonymous_usage_stats': True, 'quiet': False, 'no_print': False, 'cache_selected_only': False, 'project_name': 'jaffle_shop', 'skip_profile_setup': False, 'which': 'init', 'indirect_selection': 'eager'}
[0m14:56:48.020541 [debug] [MainThread]: Tracking: tracking
[0m14:56:48.036769 [debug] [MainThread]: Sending event: {'category': 'dbt', 'action': 'invocation', 'label': 'start', 'context': [<snowplow_tracker.self_describing_json.SelfDescribingJson object at 0x0000021006F0A110>, <snowplow_tracker.self_describing_json.SelfDescribingJson object at 0x0000021006F0A950>, <snowplow_tracker.self_describing_json.SelfDescribingJson object at 0x0000021006F08AC0>]}
[0m14:56:48.037766 [info ] [MainThread]: Creating dbt configuration folder at C:\Users\Mosman\.dbt
[0m14:56:48.039760 [debug] [MainThread]: Starter project path: C:\Users\Mosman\dbt-env\lib\site-packages\dbt\include\starter_project
[0m14:57:02.148118 [info ] [MainThread]: No sample profile found for sqlserver.
[0m14:57:02.149115 [info ] [MainThread]: 
Your new dbt project "jaffle_shop" was created!

For more information on how to configure the profiles.yml file,
please consult the dbt documentation here:

  https://docs.getdbt.com/docs/configure-your-profile

One more thing:

Need help? Don't hesitate to reach out to us via GitHub issues or on Slack:

  https://community.getdbt.com/

Happy modeling!

[0m14:57:02.150085 [debug] [MainThread]: Sending event: {'category': 'dbt', 'action': 'invocation', 'label': 'end', 'context': [<snowplow_tracker.self_describing_json.SelfDescribingJson object at 0x0000021006F0B0D0>, <snowplow_tracker.self_describing_json.SelfDescribingJson object at 0x0000021006F0B670>, <snowplow_tracker.self_describing_json.SelfDescribingJson object at 0x0000021006F0A860>]}
[0m14:57:02.150085 [debug] [MainThread]: Flushing usage events


============================== 2023-11-04 15:47:42.609139 | d012fa23-ee26-487e-a1cc-37d6e0b5ae98 ==============================
[0m15:47:42.609139 [info ] [MainThread]: Running with dbt=1.4.9
[0m15:47:42.611133 [debug] [MainThread]: running dbt with arguments {'write_json': True, 'use_colors': True, 'printer_width': 80, 'version_check': True, 'partial_parse': True, 'static_parser': True, 'profiles_dir': 'C:\\Users\\Mosman\\.dbt', 'send_anonymous_usage_stats': True, 'quiet': False, 'no_print': False, 'cache_selected_only': False, 'project_name': 'bike_stores', 'skip_profile_setup': False, 'which': 'init', 'indirect_selection': 'eager'}
[0m15:47:42.611133 [debug] [MainThread]: Tracking: tracking
[0m15:47:42.629110 [debug] [MainThread]: Sending event: {'category': 'dbt', 'action': 'invocation', 'label': 'start', 'context': [<snowplow_tracker.self_describing_json.SelfDescribingJson object at 0x000001F0811BDDB0>, <snowplow_tracker.self_describing_json.SelfDescribingJson object at 0x000001F0811BD330>, <snowplow_tracker.self_describing_json.SelfDescribingJson object at 0x000001F0811BC8B0>]}
[0m15:47:42.630107 [debug] [MainThread]: Starter project path: C:\Users\Mosman\Desktop\dbt_Mosman\.venv\lib\site-packages\dbt\include\starter_project
[0m15:47:44.829045 [info ] [MainThread]: No sample profile found for sqlserver.
[0m15:47:44.829045 [info ] [MainThread]: 
Your new dbt project "bike_stores" was created!

For more information on how to configure the profiles.yml file,
please consult the dbt documentation here:

  https://docs.getdbt.com/docs/configure-your-profile

One more thing:

Need help? Don't hesitate to reach out to us via GitHub issues or on Slack:

  https://community.getdbt.com/

Happy modeling!

[0m15:47:44.831011 [debug] [MainThread]: Sending event: {'category': 'dbt', 'action': 'invocation', 'label': 'end', 'context': [<snowplow_tracker.self_describing_json.SelfDescribingJson object at 0x000001F0811BC1C0>, <snowplow_tracker.self_describing_json.SelfDescribingJson object at 0x000001F0811BC310>, <snowplow_tracker.self_describing_json.SelfDescribingJson object at 0x000001F0811BCA00>]}
[0m15:47:44.832009 [debug] [MainThread]: Flushing usage events


============================== 2023-11-04 16:17:13.641958 | d6a61e02-1fb8-4843-80d9-a027ede135e5 ==============================
[0m16:17:13.641958 [info ] [MainThread]: Running with dbt=1.4.9
[0m16:17:13.642955 [debug] [MainThread]: running dbt with arguments {'write_json': True, 'use_colors': True, 'printer_width': 80, 'version_check': True, 'partial_parse': True, 'static_parser': True, 'profiles_dir': 'C:\\Users\\Mosman\\.dbt', 'send_anonymous_usage_stats': True, 'quiet': False, 'no_print': False, 'cache_selected_only': False, 'config_dir': False, 'which': 'debug', 'indirect_selection': 'eager'}
[0m16:17:13.643952 [debug] [MainThread]: Tracking: tracking
[0m16:17:13.668005 [debug] [MainThread]: Sending event: {'category': 'dbt', 'action': 'invocation', 'label': 'start', 'context': [<snowplow_tracker.self_describing_json.SelfDescribingJson object at 0x00000162F130C4C0>, <snowplow_tracker.self_describing_json.SelfDescribingJson object at 0x00000162F130C550>, <snowplow_tracker.self_describing_json.SelfDescribingJson object at 0x00000162F130CBE0>]}
[0m16:17:13.670971 [debug] [MainThread]: Executing "git --help"
[0m16:17:13.702916 [debug] [MainThread]: STDOUT: "b"usage: git [--version] [--help] [-C <path>] [-c <name>=<value>]\n           [--exec-path[=<path>]] [--html-path] [--man-path] [--info-path]\n           [-p | --paginate | -P | --no-pager] [--no-replace-objects] [--bare]\n           [--git-dir=<path>] [--work-tree=<path>] [--namespace=<name>]\n           [--super-prefix=<path>] [--config-env=<name>=<envvar>]\n           <command> [<args>]\n\nThese are common Git commands used in various situations:\n\nstart a working area (see also: git help tutorial)\n   clone     Clone a repository into a new directory\n   init      Create an empty Git repository or reinitialize an existing one\n\nwork on the current change (see also: git help everyday)\n   add       Add file contents to the index\n   mv        Move or rename a file, a directory, or a symlink\n   restore   Restore working tree files\n   rm        Remove files from the working tree and from the index\n\nexamine the history and state (see also: git help revisions)\n   bisect    Use binary search to find the commit that introduced a bug\n   diff      Show changes between commits, commit and working tree, etc\n   grep      Print lines matching a pattern\n   log       Show commit logs\n   show      Show various types of objects\n   status    Show the working tree status\n\ngrow, mark and tweak your common history\n   branch    List, create, or delete branches\n   commit    Record changes to the repository\n   merge     Join two or more development histories together\n   rebase    Reapply commits on top of another base tip\n   reset     Reset current HEAD to the specified state\n   switch    Switch branches\n   tag       Create, list, delete or verify a tag object signed with GPG\n\ncollaborate (see also: git help workflows)\n   fetch     Download objects and refs from another repository\n   pull      Fetch from and integrate with another repository or a local branch\n   push      Update remote refs along with associated objects\n\n'git help -a' and 'git help -g' list available subcommands and some\nconcept guides. See 'git help <command>' or 'git help <concept>'\nto read about a specific subcommand or concept.\nSee 'git help git' for an overview of the system.\n""
[0m16:17:13.703885 [debug] [MainThread]: STDERR: "b''"
[0m16:17:13.705881 [debug] [MainThread]: Sending event: {'category': 'dbt', 'action': 'invocation', 'label': 'end', 'context': [<snowplow_tracker.self_describing_json.SelfDescribingJson object at 0x00000162F130C4C0>, <snowplow_tracker.self_describing_json.SelfDescribingJson object at 0x00000162F130CCA0>, <snowplow_tracker.self_describing_json.SelfDescribingJson object at 0x00000162F130DA20>]}
[0m16:17:13.705881 [debug] [MainThread]: Flushing usage events


============================== 2023-11-04 16:17:39.833222 | bef55fb3-da21-46e5-9926-06e41bd71738 ==============================
[0m16:17:39.833222 [info ] [MainThread]: Running with dbt=1.4.9
[0m16:17:39.835217 [debug] [MainThread]: running dbt with arguments {'write_json': True, 'use_colors': True, 'printer_width': 80, 'version_check': True, 'partial_parse': True, 'static_parser': True, 'profiles_dir': 'C:\\Users\\Mosman\\.dbt', 'send_anonymous_usage_stats': True, 'quiet': False, 'no_print': False, 'cache_selected_only': False, 'config_dir': False, 'which': 'debug', 'indirect_selection': 'eager'}
[0m16:17:39.835217 [debug] [MainThread]: Tracking: tracking
[0m16:17:39.853172 [debug] [MainThread]: Sending event: {'category': 'dbt', 'action': 'invocation', 'label': 'start', 'context': [<snowplow_tracker.self_describing_json.SelfDescribingJson object at 0x0000025153C0C4C0>, <snowplow_tracker.self_describing_json.SelfDescribingJson object at 0x0000025153C0C550>, <snowplow_tracker.self_describing_json.SelfDescribingJson object at 0x0000025153C0CBE0>]}
[0m16:17:39.856177 [debug] [MainThread]: Executing "git --help"
[0m16:17:39.889013 [debug] [MainThread]: STDOUT: "b"usage: git [--version] [--help] [-C <path>] [-c <name>=<value>]\n           [--exec-path[=<path>]] [--html-path] [--man-path] [--info-path]\n           [-p | --paginate | -P | --no-pager] [--no-replace-objects] [--bare]\n           [--git-dir=<path>] [--work-tree=<path>] [--namespace=<name>]\n           [--super-prefix=<path>] [--config-env=<name>=<envvar>]\n           <command> [<args>]\n\nThese are common Git commands used in various situations:\n\nstart a working area (see also: git help tutorial)\n   clone     Clone a repository into a new directory\n   init      Create an empty Git repository or reinitialize an existing one\n\nwork on the current change (see also: git help everyday)\n   add       Add file contents to the index\n   mv        Move or rename a file, a directory, or a symlink\n   restore   Restore working tree files\n   rm        Remove files from the working tree and from the index\n\nexamine the history and state (see also: git help revisions)\n   bisect    Use binary search to find the commit that introduced a bug\n   diff      Show changes between commits, commit and working tree, etc\n   grep      Print lines matching a pattern\n   log       Show commit logs\n   show      Show various types of objects\n   status    Show the working tree status\n\ngrow, mark and tweak your common history\n   branch    List, create, or delete branches\n   commit    Record changes to the repository\n   merge     Join two or more development histories together\n   rebase    Reapply commits on top of another base tip\n   reset     Reset current HEAD to the specified state\n   switch    Switch branches\n   tag       Create, list, delete or verify a tag object signed with GPG\n\ncollaborate (see also: git help workflows)\n   fetch     Download objects and refs from another repository\n   pull      Fetch from and integrate with another repository or a local branch\n   push      Update remote refs along with associated objects\n\n'git help -a' and 'git help -g' list available subcommands and some\nconcept guides. See 'git help <command>' or 'git help <concept>'\nto read about a specific subcommand or concept.\nSee 'git help git' for an overview of the system.\n""
[0m16:17:39.889013 [debug] [MainThread]: STDERR: "b''"
[0m16:17:39.892005 [debug] [MainThread]: Sending event: {'category': 'dbt', 'action': 'invocation', 'label': 'end', 'context': [<snowplow_tracker.self_describing_json.SelfDescribingJson object at 0x0000025153C0C4C0>, <snowplow_tracker.self_describing_json.SelfDescribingJson object at 0x0000025153C0CCA0>, <snowplow_tracker.self_describing_json.SelfDescribingJson object at 0x0000025153C0DA20>]}
[0m16:17:39.892005 [debug] [MainThread]: Flushing usage events


============================== 2023-11-05 06:19:09.096120 | 3df686e6-f1c4-4c4a-a0b7-12e3b8feecd9 ==============================
[0m06:19:09.096120 [info ] [MainThread]: Running with dbt=1.4.9
[0m06:19:09.098840 [debug] [MainThread]: running dbt with arguments {'write_json': True, 'use_colors': True, 'printer_width': 80, 'version_check': True, 'partial_parse': True, 'static_parser': True, 'profiles_dir': 'C:\\Users\\Mosman\\.dbt', 'send_anonymous_usage_stats': True, 'quiet': False, 'no_print': False, 'cache_selected_only': False, 'config_dir': False, 'which': 'debug', 'indirect_selection': 'eager'}
[0m06:19:09.098840 [debug] [MainThread]: Tracking: tracking
[0m06:19:09.114799 [debug] [MainThread]: Sending event: {'category': 'dbt', 'action': 'invocation', 'label': 'start', 'context': [<snowplow_tracker.self_describing_json.SelfDescribingJson object at 0x0000021E4BF5C3D0>, <snowplow_tracker.self_describing_json.SelfDescribingJson object at 0x0000021E4BF5C580>, <snowplow_tracker.self_describing_json.SelfDescribingJson object at 0x0000021E4BF5D570>]}
[0m06:19:09.117792 [debug] [MainThread]: Executing "git --help"
[0m06:19:09.151700 [debug] [MainThread]: STDOUT: "b"usage: git [--version] [--help] [-C <path>] [-c <name>=<value>]\n           [--exec-path[=<path>]] [--html-path] [--man-path] [--info-path]\n           [-p | --paginate | -P | --no-pager] [--no-replace-objects] [--bare]\n           [--git-dir=<path>] [--work-tree=<path>] [--namespace=<name>]\n           [--super-prefix=<path>] [--config-env=<name>=<envvar>]\n           <command> [<args>]\n\nThese are common Git commands used in various situations:\n\nstart a working area (see also: git help tutorial)\n   clone     Clone a repository into a new directory\n   init      Create an empty Git repository or reinitialize an existing one\n\nwork on the current change (see also: git help everyday)\n   add       Add file contents to the index\n   mv        Move or rename a file, a directory, or a symlink\n   restore   Restore working tree files\n   rm        Remove files from the working tree and from the index\n\nexamine the history and state (see also: git help revisions)\n   bisect    Use binary search to find the commit that introduced a bug\n   diff      Show changes between commits, commit and working tree, etc\n   grep      Print lines matching a pattern\n   log       Show commit logs\n   show      Show various types of objects\n   status    Show the working tree status\n\ngrow, mark and tweak your common history\n   branch    List, create, or delete branches\n   commit    Record changes to the repository\n   merge     Join two or more development histories together\n   rebase    Reapply commits on top of another base tip\n   reset     Reset current HEAD to the specified state\n   switch    Switch branches\n   tag       Create, list, delete or verify a tag object signed with GPG\n\ncollaborate (see also: git help workflows)\n   fetch     Download objects and refs from another repository\n   pull      Fetch from and integrate with another repository or a local branch\n   push      Update remote refs along with associated objects\n\n'git help -a' and 'git help -g' list available subcommands and some\nconcept guides. See 'git help <command>' or 'git help <concept>'\nto read about a specific subcommand or concept.\nSee 'git help git' for an overview of the system.\n""
[0m06:19:09.152707 [debug] [MainThread]: STDERR: "b''"
[0m06:19:09.154693 [debug] [MainThread]: Sending event: {'category': 'dbt', 'action': 'invocation', 'label': 'end', 'context': [<snowplow_tracker.self_describing_json.SelfDescribingJson object at 0x0000021E4BF5C3D0>, <snowplow_tracker.self_describing_json.SelfDescribingJson object at 0x0000021E4BF5C160>, <snowplow_tracker.self_describing_json.SelfDescribingJson object at 0x0000021E4BF5DAE0>]}
[0m06:19:09.154693 [debug] [MainThread]: Flushing usage events
